app/build/outputs/apk/manifest-merger-debug-report.txt
-- Merging decision tree log ---
manifest
ADDED from AndroidManifest.xml:2:1
	xmlns:android
		ADDED from AndroidManifest.xml:2:11
	package
		ADDED from AndroidManifest.xml:3:5
		INJECTED from AndroidManifest.xml:0:0
		INJECTED from AndroidManifest.xml:0:0
	android:versionName
		ADDED from AndroidManifest.xml:5:5
	android:versionCode
		ADDED from AndroidManifest.xml:4:5
		INJECTED from AndroidManifest.xml:0:0
		INJECTED from AndroidManifest.xml:0:0
uses-sdk
ADDED from AndroidManifest.xml:7:5
MERGED from com.android.support:support-v4:20.0.0:16:5
	android:targetSdkVersion
		ADDED from AndroidManifest.xml:9:9
		INJECTED from AndroidManifest.xml:0:0
		INJECTED from AndroidManifest.xml:0:0
	android:minSdkVersion
		ADDED from AndroidManifest.xml:8:9
		INJECTED from AndroidManifest.xml:0:0
		INJECTED from AndroidManifest.xml:0:0
uses-permission#android.permission.SEND_SMS
ADDED from AndroidManifest.xml:11:5
	android:name
		ADDED from AndroidManifest.xml:11:22
uses-permission#android.permission.READ_CONTACTS
ADDED from AndroidManifest.xml:12:5
	android:name
		ADDED from AndroidManifest.xml:12:22
uses-permission#android.permission.VIBRATE
ADDED from AndroidManifest.xml:13:5
	android:name
		ADDED from AndroidManifest.xml:13:22
uses-permission#android.permission.INTERNET
ADDED from AndroidManifest.xml:14:5
	android:name
		ADDED from AndroidManifest.xml:14:22
uses-permission#android.permission.RECORD_AUDIO
ADDED from AndroidManifest.xml:15:5
	android:name
		ADDED from AndroidManifest.xml:15:22
uses-permission#android.permission.CAMERA
ADDED from AndroidManifest.xml:16:5
	android:name
		ADDED from AndroidManifest.xml:16:22
uses-permission#android.permission.ACCESS_NETWORK_STATE
ADDED from AndroidManifest.xml:17:5
	android:name
		ADDED from AndroidManifest.xml:17:22
uses-permission#android.permission.WRITE_EXTERNAL_STORAGE
ADDED from AndroidManifest.xml:18:5
	android:name
		ADDED from AndroidManifest.xml:18:22
uses-permission#android.permission.MOUNT_UNMOUNT_FILESYSTEMS
ADDED from AndroidManifest.xml:19:5
	android:name
		ADDED from AndroidManifest.xml:19:22
uses-permission#android.permission.ACCESS_FINE_LOCATION
ADDED from AndroidManifest.xml:20:5
	android:name
		ADDED from AndroidManifest.xml:20:22
uses-permission#android.permission.GET_TASKS
ADDED from AndroidManifest.xml:21:5
	android:name
		ADDED from AndroidManifest.xml:21:22
uses-permission#android.permission.ACCESS_WIFI_STATE
ADDED from AndroidManifest.xml:22:5
	android:name
		ADDED from AndroidManifest.xml:22:22
uses-permission#android.permission.CHANGE_WIFI_STATE
ADDED from AndroidManifest.xml:23:5
	android:name
		ADDED from AndroidManifest.xml:23:22
uses-permission#android.permission.WAKE_LOCK
ADDED from AndroidManifest.xml:24:5
	android:name
		ADDED from AndroidManifest.xml:24:22
uses-permission#android.permission.MODIFY_AUDIO_SETTINGS
ADDED from AndroidManifest.xml:25:5
	android:name
		ADDED from AndroidManifest.xml:25:22
uses-permission#android.permission.READ_PHONE_STATE
ADDED from AndroidManifest.xml:26:5
	android:name
		ADDED from AndroidManifest.xml:26:22
uses-permission#android.permission.RECEIVE_BOOT_COMPLETED
ADDED from AndroidManifest.xml:27:5
	android:name
		ADDED from AndroidManifest.xml:27:22
uses-permission#android.permission.GET_ACCOUNTS
ADDED from AndroidManifest.xml:28:5
	android:name
		ADDED from AndroidManifest.xml:28:22
uses-permission#android.permission.USE_CREDENTIALS
ADDED from AndroidManifest.xml:29:5
	android:name
		ADDED from AndroidManifest.xml:29:22
uses-permission#android.permission.MANAGE_ACCOUNTS
ADDED from AndroidManifest.xml:30:5
	android:name
		ADDED from AndroidManifest.xml:30:22
uses-permission#android.permission.AUTHENTICATE_ACCOUNTS
ADDED from AndroidManifest.xml:31:5
	android:name
		ADDED from AndroidManifest.xml:31:22
uses-permission#com.android.launcher.permission.READ_SETTINGS
ADDED from AndroidManifest.xml:32:5
	android:name
		ADDED from AndroidManifest.xml:32:22
uses-permission#android.permission.BROADCAST_STICKY
ADDED from AndroidManifest.xml:33:5
	android:name
		ADDED from AndroidManifest.xml:33:22
uses-permission#android.permission.WRITE_SETTINGS
ADDED from AndroidManifest.xml:34:5
	android:name
		ADDED from AndroidManifest.xml:34:22
application
ADDED from AndroidManifest.xml:36:5
MERGED from com.android.support:support-v4:20.0.0:17:5
	android:label
		ADDED from AndroidManifest.xml:41:9
	android:allowBackup
		ADDED from AndroidManifest.xml:38:9
	android:icon
		ADDED from AndroidManifest.xml:39:9
	android:theme
		ADDED from AndroidManifest.xml:40:9
	android:name
		ADDED from AndroidManifest.xml:37:9
activity#com.haolb.client.activity.MainActivity2
ADDED from AndroidManifest.xml:42:9
	android:windowSoftInputMode
		ADDED from AndroidManifest.xml:47:13
	android:screenOrientation
		ADDED from AndroidManifest.xml:45:13
	android:theme
		ADDED from AndroidManifest.xml:46:13
	android:name
		ADDED from AndroidManifest.xml:43:13
	android:launchMode
		ADDED from AndroidManifest.xml:44:13
activity#com.haolb.client.activity.LoginAct
ADDED from AndroidManifest.xml:48:9
	android:windowSoftInputMode
		ADDED from AndroidManifest.xml:52:13
	android:screenOrientation
		ADDED from AndroidManifest.xml:50:13
	android:theme
		ADDED from AndroidManifest.xml:51:13
	android:name
		ADDED from AndroidManifest.xml:49:13
activity#com.haolb.client.activity.CommunityAuthAct
ADDED from AndroidManifest.xml:53:9
	android:windowSoftInputMode
		ADDED from AndroidManifest.xml:57:13
	android:screenOrientation
		ADDED from AndroidManifest.xml:55:13
	android:theme
		ADDED from AndroidManifest.xml:56:13
	android:name
		ADDED from AndroidManifest.xml:54:13
activity#com.haolb.client.activity.CityListAct
ADDED from AndroidManifest.xml:58:9
	android:windowSoftInputMode
		ADDED from AndroidManifest.xml:61:13
	android:screenOrientation
		ADDED from AndroidManifest.xml:60:13
	android:name
		ADDED from AndroidManifest.xml:59:13
activity#com.haolb.client.activity.SearchContactListAct
ADDED from AndroidManifest.xml:62:9
	android:windowSoftInputMode
		ADDED from AndroidManifest.xml:65:13
	android:screenOrientation
		ADDED from AndroidManifest.xml:64:13
	android:name
		ADDED from AndroidManifest.xml:63:13
activity#com.haolb.client.activity.MyInfo
ADDED from AndroidManifest.xml:66:9
	android:windowSoftInputMode
		ADDED from AndroidManifest.xml:69:13
	android:screenOrientation
		ADDED from AndroidManifest.xml:68:13
	android:name
		ADDED from AndroidManifest.xml:67:13
activity#com.haolb.client.activity.MessageDetailAct
ADDED from AndroidManifest.xml:70:9
	android:windowSoftInputMode
		ADDED from AndroidManifest.xml:73:13
	android:screenOrientation
		ADDED from AndroidManifest.xml:72:13
	android:name
		ADDED from AndroidManifest.xml:71:13
activity#com.haolb.client.activity.AuthAct
ADDED from AndroidManifest.xml:74:9
	android:windowSoftInputMode
		ADDED from AndroidManifest.xml:77:13
	android:screenOrientation
		ADDED from AndroidManifest.xml:76:13
	android:name
		ADDED from AndroidManifest.xml:75:13
activity#com.haolb.client.activity.AuthListAct
ADDED from AndroidManifest.xml:78:9
	android:windowSoftInputMode
		ADDED from AndroidManifest.xml:81:13
	android:screenOrientation
		ADDED from AndroidManifest.xml:80:13
	android:name
		ADDED from AndroidManifest.xml:79:13
activity#com.haolb.client.activity.ContactListAct
ADDED from AndroidManifest.xml:82:9
	android:windowSoftInputMode
		ADDED from AndroidManifest.xml:85:13
	android:screenOrientation
		ADDED from AndroidManifest.xml:84:13
	android:name
		ADDED from AndroidManifest.xml:83:13
activity#com.haolb.client.activity.MyAuthSendAct
ADDED from AndroidManifest.xml:86:9
	android:windowSoftInputMode
		ADDED from AndroidManifest.xml:89:13
	android:screenOrientation
		ADDED from AndroidManifest.xml:88:13
	android:name
		ADDED from AndroidManifest.xml:87:13
activity#com.haolb.client.activity.MyAuthRecAct
ADDED from AndroidManifest.xml:90:9
	android:windowSoftInputMode
		ADDED from AndroidManifest.xml:93:13
	android:screenOrientation
		ADDED from AndroidManifest.xml:92:13
	android:name
		ADDED from AndroidManifest.xml:91:13
activity#com.haolb.client.activity.CommunityListAct
ADDED from AndroidManifest.xml:94:9
	android:windowSoftInputMode
		ADDED from AndroidManifest.xml:99:13
	android:screenOrientation
		ADDED from AndroidManifest.xml:96:13
	android:name
		ADDED from AndroidManifest.xml:95:13
activity#com.haolb.client.activity.CommunityDetailAct
ADDED from AndroidManifest.xml:100:9
	android:windowSoftInputMode
		ADDED from AndroidManifest.xml:104:13
	android:screenOrientation
		ADDED from AndroidManifest.xml:102:13
	android:name
		ADDED from AndroidManifest.xml:101:13
activity#com.haolb.client.activity.CommunityComListAct
ADDED from AndroidManifest.xml:105:9
	android:windowSoftInputMode
		ADDED from AndroidManifest.xml:108:13
	android:screenOrientation
		ADDED from AndroidManifest.xml:107:13
	android:name
		ADDED from AndroidManifest.xml:106:13
activity#com.haolb.client.activity.AboutAct
ADDED from AndroidManifest.xml:109:9
	android:windowSoftInputMode
		ADDED from AndroidManifest.xml:113:13
	android:screenOrientation
		ADDED from AndroidManifest.xml:111:13
	android:name
		ADDED from AndroidManifest.xml:110:13
activity#com.haolb.client.activity.XieYiAct
ADDED from AndroidManifest.xml:114:9
	android:windowSoftInputMode
		ADDED from AndroidManifest.xml:118:13
	android:screenOrientation
		ADDED from AndroidManifest.xml:116:13
	android:name
		ADDED from AndroidManifest.xml:115:13
activity#com.haolb.client.activity.ServiceAct
ADDED from AndroidManifest.xml:119:9
	android:windowSoftInputMode
		ADDED from AndroidManifest.xml:122:13
	android:screenOrientation
		ADDED from AndroidManifest.xml:121:13
	android:name
		ADDED from AndroidManifest.xml:120:13
activity#com.haolb.client.activity.FeedBackAct
ADDED from AndroidManifest.xml:123:9
	android:windowSoftInputMode
		ADDED from AndroidManifest.xml:128:13
	android:screenOrientation
		ADDED from AndroidManifest.xml:126:13
	android:name
		ADDED from AndroidManifest.xml:125:13
activity#com.haolb.client.activity.SplashActivity
ADDED from AndroidManifest.xml:131:9
	android:screenOrientation
		ADDED from AndroidManifest.xml:134:13
	android:theme
		ADDED from AndroidManifest.xml:133:13
	android:name
		ADDED from AndroidManifest.xml:132:13
intent-filter#android.intent.action.MAIN+android.intent.category.LAUNCHER
ADDED from AndroidManifest.xml:135:13
action#android.intent.action.MAIN
ADDED from AndroidManifest.xml:136:17
	android:name
		ADDED from AndroidManifest.xml:136:25
category#android.intent.category.LAUNCHER
ADDED from AndroidManifest.xml:138:17
	android:name
		ADDED from AndroidManifest.xml:138:27
activity#com.haolb.client.activity.easemob.LoginActivity
ADDED from AndroidManifest.xml:143:9
	android:windowSoftInputMode
		ADDED from AndroidManifest.xml:147:13
	android:screenOrientation
		ADDED from AndroidManifest.xml:145:13
	android:name
		ADDED from AndroidManifest.xml:144:13
activity#com.haolb.client.activity.easemob.RegisterActivity
ADDED from AndroidManifest.xml:150:9
	android:windowSoftInputMode
		ADDED from AndroidManifest.xml:153:13
	android:screenOrientation
		ADDED from AndroidManifest.xml:152:13
	android:name
		ADDED from AndroidManifest.xml:151:13
activity#com.haolb.client.activity.ChatActivity
ADDED from AndroidManifest.xml:155:9
	android:windowSoftInputMode
		ADDED from AndroidManifest.xml:159:13
	android:screenOrientation
		ADDED from AndroidManifest.xml:158:13
	android:name
		ADDED from AndroidManifest.xml:156:13
	android:launchMode
		ADDED from AndroidManifest.xml:157:13
activity#com.haolb.client.activity.easemob.AddContactActivity
ADDED from AndroidManifest.xml:161:9
	android:windowSoftInputMode
		ADDED from AndroidManifest.xml:164:13
	android:screenOrientation
		ADDED from AndroidManifest.xml:163:13
	android:name
		ADDED from AndroidManifest.xml:162:13
activity#com.haolb.client.activity.easemob.GroupDetailsActivity
ADDED from AndroidManifest.xml:166:9
	android:screenOrientation
		ADDED from AndroidManifest.xml:168:13
	android:name
		ADDED from AndroidManifest.xml:167:13
activity#com.haolb.client.activity.easemob.GroupsActivity
ADDED from AndroidManifest.xml:170:9
	android:windowSoftInputMode
		ADDED from AndroidManifest.xml:174:13
	android:screenOrientation
		ADDED from AndroidManifest.xml:172:13
	android:name
		ADDED from AndroidManifest.xml:171:13
activity#com.haolb.client.activity.easemob.ChatRoomActivity
ADDED from AndroidManifest.xml:176:9
	android:windowSoftInputMode
		ADDED from AndroidManifest.xml:180:13
	android:screenOrientation
		ADDED from AndroidManifest.xml:178:12
	android:name
		ADDED from AndroidManifest.xml:177:13
activity#com.haolb.client.activity.easemob.ChatRoomDetailsActivity
ADDED from AndroidManifest.xml:182:9
	android:screenOrientation
		ADDED from AndroidManifest.xml:184:13
	android:name
		ADDED from AndroidManifest.xml:183:13
activity#com.haolb.client.activity.easemob.NewGroupActivity
ADDED from AndroidManifest.xml:187:9
	android:windowSoftInputMode
		ADDED from AndroidManifest.xml:191:13
	android:screenOrientation
		ADDED from AndroidManifest.xml:189:13
	android:name
		ADDED from AndroidManifest.xml:188:13
activity#com.haolb.client.activity.easemob.ExitGroupDialog
ADDED from AndroidManifest.xml:193:9
	android:screenOrientation
		ADDED from AndroidManifest.xml:195:13
	android:theme
		ADDED from AndroidManifest.xml:196:13
	android:name
		ADDED from AndroidManifest.xml:194:13
activity#com.haolb.client.activity.easemob.GroupPickContactsActivity
ADDED from AndroidManifest.xml:198:9
	android:windowSoftInputMode
		ADDED from AndroidManifest.xml:202:13
	android:screenOrientation
		ADDED from AndroidManifest.xml:200:13
	android:name
		ADDED from AndroidManifest.xml:199:13
activity#com.haolb.client.activity.easemob.BaiduMapActivity
ADDED from AndroidManifest.xml:204:9
	android:screenOrientation
		ADDED from AndroidManifest.xml:206:13
	android:name
		ADDED from AndroidManifest.xml:205:13
activity#com.haolb.client.activity.easemob.NewFriendsMsgActivity
ADDED from AndroidManifest.xml:209:9
	android:screenOrientation
		ADDED from AndroidManifest.xml:211:13
	android:name
		ADDED from AndroidManifest.xml:210:13
activity#com.haolb.client.activity.easemob.ForwardMessageActivity
ADDED from AndroidManifest.xml:213:9
	android:windowSoftInputMode
		ADDED from AndroidManifest.xml:217:13
	android:screenOrientation
		ADDED from AndroidManifest.xml:215:13
	android:name
		ADDED from AndroidManifest.xml:214:13
activity#com.haolb.client.activity.easemob.ContextMenu
ADDED from AndroidManifest.xml:219:9
	android:screenOrientation
		ADDED from AndroidManifest.xml:221:13
	android:theme
		ADDED from AndroidManifest.xml:222:13
	android:name
		ADDED from AndroidManifest.xml:220:13
activity#com.haolb.client.activity.easemob.AlertDialog
ADDED from AndroidManifest.xml:224:9
	android:screenOrientation
		ADDED from AndroidManifest.xml:226:13
	android:theme
		ADDED from AndroidManifest.xml:227:13
	android:name
		ADDED from AndroidManifest.xml:225:13
activity#com.haolb.client.activity.easemob.ShowBigImage
ADDED from AndroidManifest.xml:229:9
	android:screenOrientation
		ADDED from AndroidManifest.xml:231:13
	android:name
		ADDED from AndroidManifest.xml:230:13
activity#com.haolb.client.activity.easemob.ShowNormalFileActivity
ADDED from AndroidManifest.xml:233:9
	android:screenOrientation
		ADDED from AndroidManifest.xml:235:13
	android:name
		ADDED from AndroidManifest.xml:234:13
activity#com.haolb.client.activity.easemob.BlacklistActivity
ADDED from AndroidManifest.xml:237:9
	android:screenOrientation
		ADDED from AndroidManifest.xml:239:13
	android:name
		ADDED from AndroidManifest.xml:238:13
activity#com.haolb.client.activity.easemob.PublicGroupsActivity
ADDED from AndroidManifest.xml:242:9
	android:windowSoftInputMode
		ADDED from AndroidManifest.xml:246:13
	android:screenOrientation
		ADDED from AndroidManifest.xml:244:13
	android:name
		ADDED from AndroidManifest.xml:243:13
activity#com.haolb.client.activity.easemob.PublicChatRoomsActivity
ADDED from AndroidManifest.xml:248:9
	android:windowSoftInputMode
		ADDED from AndroidManifest.xml:252:13
	android:screenOrientation
		ADDED from AndroidManifest.xml:250:13
	android:name
		ADDED from AndroidManifest.xml:249:13
activity#com.haolb.client.activity.easemob.VoiceCallActivity
ADDED from AndroidManifest.xml:255:9
	android:screenOrientation
		ADDED from AndroidManifest.xml:257:13
	android:theme
		ADDED from AndroidManifest.xml:258:13
	android:name
		ADDED from AndroidManifest.xml:256:13
activity#com.haolb.client.activity.easemob.VideoCallActivity
ADDED from AndroidManifest.xml:260:9
	android:screenOrientation
		ADDED from AndroidManifest.xml:263:13
	android:configChanges
		ADDED from AndroidManifest.xml:262:13
	android:name
		ADDED from AndroidManifest.xml:261:13
activity#com.haolb.client.activity.easemob.GroupSimpleDetailActivity
ADDED from AndroidManifest.xml:265:9
	android:screenOrientation
		ADDED from AndroidManifest.xml:267:13
	android:name
		ADDED from AndroidManifest.xml:266:13
activity#com.haolb.client.activity.easemob.GroupBlacklistActivity
ADDED from AndroidManifest.xml:269:9
	android:screenOrientation
		ADDED from AndroidManifest.xml:271:13
	android:name
		ADDED from AndroidManifest.xml:270:13
activity#com.haolb.client.activity.easemob.PublicGroupsSeachActivity
ADDED from AndroidManifest.xml:272:9
	android:screenOrientation
		ADDED from AndroidManifest.xml:274:13
	android:name
		ADDED from AndroidManifest.xml:273:13
activity#com.haolb.client.activity.easemob.EditActivity
ADDED from AndroidManifest.xml:275:9
	android:windowSoftInputMode
		ADDED from AndroidManifest.xml:279:13
	android:screenOrientation
		ADDED from AndroidManifest.xml:277:13
	android:name
		ADDED from AndroidManifest.xml:276:13
activity#com.haolb.client.activity.easemob.ShowVideoActivity
ADDED from AndroidManifest.xml:280:9
	android:windowSoftInputMode
		ADDED from AndroidManifest.xml:284:13
	android:screenOrientation
		ADDED from AndroidManifest.xml:282:13
	android:name
		ADDED from AndroidManifest.xml:281:13
activity#com.haolb.client.activity.easemob.ImageGridActivity
ADDED from AndroidManifest.xml:286:9
	android:windowSoftInputMode
		ADDED from AndroidManifest.xml:290:13
	android:screenOrientation
		ADDED from AndroidManifest.xml:288:13
	android:name
		ADDED from AndroidManifest.xml:287:13
activity#com.haolb.client.activity.easemob.RecorderVideoActivity
ADDED from AndroidManifest.xml:291:9
	android:windowSoftInputMode
		ADDED from AndroidManifest.xml:295:13
	android:screenOrientation
		ADDED from AndroidManifest.xml:293:13
	android:name
		ADDED from AndroidManifest.xml:292:13
activity#com.haolb.client.activity.easemob.DiagnoseActivity
ADDED from AndroidManifest.xml:297:9
	android:windowSoftInputMode
		ADDED from AndroidManifest.xml:301:13
	android:screenOrientation
		ADDED from AndroidManifest.xml:299:13
	android:name
		ADDED from AndroidManifest.xml:298:13
activity#com.haolb.client.activity.easemob.OfflinePushNickActivity
ADDED from AndroidManifest.xml:304:9
	android:windowSoftInputMode
		ADDED from AndroidManifest.xml:308:13
	android:screenOrientation
		ADDED from AndroidManifest.xml:306:13
	android:name
		ADDED from AndroidManifest.xml:305:13
receiver#com.easemob.chat.StartServiceReceiver
ADDED from AndroidManifest.xml:311:9
	android:name
		ADDED from AndroidManifest.xml:311:19
intent-filter#android.intent.action.BOOT_COMPLETED+android.intent.action.QUICKBOOT_POWERON+android.intent.category.LAUNCHER
ADDED from AndroidManifest.xml:312:13
	android:priority
		ADDED from AndroidManifest.xml:312:28
action#android.intent.action.BOOT_COMPLETED
ADDED from AndroidManifest.xml:313:17
	android:name
		ADDED from AndroidManifest.xml:313:25
action#android.intent.action.QUICKBOOT_POWERON
ADDED from AndroidManifest.xml:314:17
	android:name
		ADDED from AndroidManifest.xml:314:25
meta-data#EASEMOB_APPKEY
ADDED from AndroidManifest.xml:321:9
	android:name
		ADDED from AndroidManifest.xml:322:13
	android:value
		ADDED from AndroidManifest.xml:323:13
service#com.easemob.chat.EMChatService
ADDED from AndroidManifest.xml:325:9
	android:name
		ADDED from AndroidManifest.xml:325:18
service#com.baidu.location.f
ADDED from AndroidManifest.xml:328:9
	android:process
		ADDED from AndroidManifest.xml:331:13
	android:enabled
		ADDED from AndroidManifest.xml:330:13
	android:name
		ADDED from AndroidManifest.xml:329:13
meta-data#UMENG_APPKEY
ADDED from AndroidManifest.xml:333:9
	android:name
		ADDED from AndroidManifest.xml:334:13
	android:value
		ADDED from AndroidManifest.xml:335:13
meta-data#UMENG_CHANNEL
ADDED from AndroidManifest.xml:336:9
	android:name
		ADDED from AndroidManifest.xml:337:13
	android:value
		ADDED from AndroidManifest.xml:338:13
meta-data#com.baidu.lbsapi.API_KEY
ADDED from AndroidManifest.xml:340:9
	android:name
		ADDED from AndroidManifest.xml:341:13
	android:value
		ADDED from AndroidManifest.xml:342:13
android:uses-permission#android.permission.READ_EXTERNAL_STORAGE
IMPLIED from AndroidManifest.xml:2:1 reason: requested WRITE_EXTERNAL_STORAGE
android:uses-permission#android.permission.READ_CALL_LOG
IMPLIED from AndroidManifest.xml:2:1 reason: targetSdkVersion < 16 and requested READ_CONTACTS